<?xml version="1.0" encoding="UTF-8"?>
<!-- Generated by org.testng.reporters.JUnitReportReporter -->
<testsuite name="com.flsmith.testcases.LoginPageTest" tests="1" time="16.604" ignored="0" failures="0" timestamp="26 Sep 2018 07:10:43 GMT" skipped="0" hostname="P10-PC-006" errors="0">
  <testcase name="loginTest" time="16.604" classname="com.flsmith.testcases.LoginPageTest"/>
</testsuite> <!-- com.flsmith.testcases.LoginPageTest -->
